<?xml version="1.0" encoding="UTF-8"?>
<!-- Generated by org.testng.reporters.JUnitReportReporter -->
<testsuite hostname="dss" name="org.selenide.testNG.example.GooglePage2" tests="3" failures="0" timestamp="18 Sep 2017 09:00:01 GMT" time="12.066" errors="0">
  <testcase name="testPrint2" time="0.001" classname="org.selenide.testNG.example.GooglePage2"/>
  <testcase name="testUserSearch" time="12.065" classname="org.selenide.testNG.example.GooglePage2"/>
  <testcase name="testPrint1" time="0.000" classname="org.selenide.testNG.example.GooglePage2"/>
</testsuite> <!-- org.selenide.testNG.example.GooglePage2 -->
